{"/home/criss/Escritorio/ProyectoM2_LuisFereira/src/config.js": {"path":"/home/criss/Escritorio/ProyectoM2_LuisFereira/src/config.js","statementMap":{"0":{"start":{"line":6,"column":0},"end":{"line":8,"column":null}},"1":{"start":{"line":7,"column":2},"end":{"line":7,"column":null}},"2":{"start":{"line":12,"column":19},"end":{"line":29,"column":1}},"3":{"start":{"line":32,"column":0},"end":{"line":34,"column":null}},"4":{"start":{"line":33,"column":2},"end":{"line":33,"column":null}},"5":{"start":{"line":37,"column":0},"end":{"line":39,"column":null}},"6":{"start":{"line":38,"column":2},"end":{"line":38,"column":null}},"7":{"start":{"line":41,"column":20},"end":{"line":41,"column":43}}},"fnMap":{"0":{"name":"(anonymous_0)","decl":{"start":{"line":32,"column":32},"end":{"line":32,"column":35}},"loc":{"start":{"line":33,"column":2},"end":{"line":33,"column":null}},"line":33}},"branchMap":{"0":{"loc":{"start":{"line":6,"column":0},"end":{"line":8,"column":null}},"type":"if","locations":[{"start":{"line":6,"column":0},"end":{"line":8,"column":null}},{"start":{},"end":{}}],"line":6},"1":{"loc":{"start":{"line":14,"column":6},"end":{"line":14,"column":56}},"type":"binary-expr","locations":[{"start":{"line":14,"column":6},"end":{"line":14,"column":24}},{"start":{"line":14,"column":28},"end":{"line":14,"column":56}}],"line":14},"2":{"loc":{"start":{"line":15,"column":6},"end":{"line":15,"column":56}},"type":"binary-expr","locations":[{"start":{"line":15,"column":6},"end":{"line":15,"column":24}},{"start":{"line":15,"column":28},"end":{"line":15,"column":56}}],"line":15},"3":{"loc":{"start":{"line":16,"column":6},"end":{"line":16,"column":68}},"type":"binary-expr","locations":[{"start":{"line":16,"column":6},"end":{"line":16,"column":28}},{"start":{"line":16,"column":32},"end":{"line":16,"column":68}}],"line":16},"4":{"loc":{"start":{"line":17,"column":6},"end":{"line":17,"column":68}},"type":"binary-expr","locations":[{"start":{"line":17,"column":6},"end":{"line":17,"column":28}},{"start":{"line":17,"column":32},"end":{"line":17,"column":68}}],"line":17},"5":{"loc":{"start":{"line":18,"column":6},"end":{"line":18,"column":66}},"type":"binary-expr","locations":[{"start":{"line":18,"column":6},"end":{"line":18,"column":24}},{"start":{"line":18,"column":28},"end":{"line":18,"column":66}}],"line":18},"6":{"loc":{"start":{"line":21,"column":6},"end":{"line":23,"column":3}},"type":"binary-expr","locations":[{"start":{"line":21,"column":7},"end":{"line":21,"column":26}},{"start":{"line":21,"column":30},"end":{"line":21,"column":49}},{"start":{"line":21,"column":54},"end":{"line":21,"column":78}},{"start":{"line":21,"column":82},"end":{"line":23,"column":3}}],"line":21},"7":{"loc":{"start":{"line":26,"column":7},"end":{"line":28,"column":null}},"type":"cond-expr","locations":[{"start":{"line":27,"column":6},"end":{"line":27,"column":null}},{"start":{"line":28,"column":6},"end":{"line":28,"column":null}}],"line":26},"8":{"loc":{"start":{"line":26,"column":7},"end":{"line":26,"column":null}},"type":"binary-expr","locations":[{"start":{"line":26,"column":8},"end":{"line":26,"column":26}},{"start":{"line":26,"column":30},"end":{"line":26,"column":64}},{"start":{"line":26,"column":69},"end":{"line":26,"column":null}}],"line":26},"9":{"loc":{"start":{"line":33,"column":2},"end":{"line":33,"column":null}},"type":"binary-expr","locations":[{"start":{"line":33,"column":2},"end":{"line":33,"column":31}},{"start":{"line":33,"column":35},"end":{"line":33,"column":null}}],"line":33},"10":{"loc":{"start":{"line":37,"column":0},"end":{"line":39,"column":null}},"type":"if","locations":[{"start":{"line":37,"column":0},"end":{"line":39,"column":null}},{"start":{},"end":{}}],"line":37},"11":{"loc":{"start":{"line":37,"column":4},"end":{"line":37,"column":80}},"type":"binary-expr","locations":[{"start":{"line":37,"column":4},"end":{"line":37,"column":20}},{"start":{"line":37,"column":24},"end":{"line":37,"column":52}},{"start":{"line":37,"column":56},"end":{"line":37,"column":80}}],"line":37}},"s":{"0":2,"1":2,"2":2,"3":2,"4":12,"5":2,"6":0,"7":2},"f":{"0":12},"b":{"0":[2,0],"1":[2,2],"2":[2,2],"3":[2,2],"4":[2,2],"5":[2,2],"6":[2,2,0,0],"7":[2,0],"8":[2,2,2],"9":[12,0],"10":[0,2],"11":[2,0,0]},"meta":{"lastBranch":12,"lastFunction":1,"lastStatement":8,"seen":{"b:6:0:8:Infinity:undefined:undefined:undefined:undefined":0,"s:6:0:8:Infinity":0,"s:7:2:7:Infinity":1,"s:12:19:29:1":2,"b:14:6:14:24:14:28:14:56":1,"b:15:6:15:24:15:28:15:56":2,"b:16:6:16:28:16:32:16:68":3,"b:17:6:17:28:17:32:17:68":4,"b:18:6:18:24:18:28:18:66":5,"b:21:7:21:26:21:30:21:49:21:54:21:78:21:82:23:3":6,"b:27:6:27:Infinity:28:6:28:Infinity":7,"b:26:8:26:26:26:30:26:64:26:69:26:Infinity":8,"s:32:0:34:Infinity":3,"f:32:32:32:35":0,"s:33:2:33:Infinity":4,"b:33:2:33:31:33:35:33:Infinity":9,"b:37:0:39:Infinity:undefined:undefined:undefined:undefined":10,"s:37:0:39:Infinity":5,"b:37:4:37:20:37:24:37:52:37:56:37:80":11,"s:38:2:38:Infinity":6,"s:41:20:41:43":7}}}
,"/home/criss/Escritorio/ProyectoM2_LuisFereira/src/middleware/validationMiddleware.js": {"path":"/home/criss/Escritorio/ProyectoM2_LuisFereira/src/middleware/validationMiddleware.js","statementMap":{"0":{"start":{"line":4,"column":34},"end":{"line":38,"column":1}},"1":{"start":{"line":5,"column":31},"end":{"line":5,"column":39}},"2":{"start":{"line":8,"column":2},"end":{"line":12,"column":null}},"3":{"start":{"line":9,"column":4},"end":{"line":11,"column":null}},"4":{"start":{"line":15,"column":2},"end":{"line":19,"column":null}},"5":{"start":{"line":16,"column":4},"end":{"line":18,"column":null}},"6":{"start":{"line":22,"column":2},"end":{"line":26,"column":null}},"7":{"start":{"line":23,"column":4},"end":{"line":25,"column":null}},"8":{"start":{"line":29,"column":21},"end":{"line":29,"column":49}},"9":{"start":{"line":30,"column":2},"end":{"line":34,"column":null}},"10":{"start":{"line":31,"column":4},"end":{"line":33,"column":null}},"11":{"start":{"line":37,"column":2},"end":{"line":37,"column":null}},"12":{"start":{"line":40,"column":32},"end":{"line":79,"column":null}},"13":{"start":{"line":41,"column":17},"end":{"line":41,"column":27}},"14":{"start":{"line":44,"column":2},"end":{"line":48,"column":null}},"15":{"start":{"line":45,"column":4},"end":{"line":47,"column":null}},"16":{"start":{"line":50,"column":2},"end":{"line":79,"column":3}},"17":{"start":{"line":52,"column":18},"end":{"line":52,"column":62}},"18":{"start":{"line":53,"column":19},"end":{"line":53,"column":23}},"19":{"start":{"line":55,"column":19},"end":{"line":55,"column":50}},"20":{"start":{"line":58,"column":4},"end":{"line":62,"column":null}},"21":{"start":{"line":59,"column":6},"end":{"line":61,"column":null}},"22":{"start":{"line":65,"column":4},"end":{"line":65,"column":null}},"23":{"start":{"line":68,"column":4},"end":{"line":68,"column":null}},"24":{"start":{"line":71,"column":4},"end":{"line":71,"column":null}},"25":{"start":{"line":74,"column":4},"end":{"line":78,"column":null}},"26":{"start":{"line":75,"column":6},"end":{"line":77,"column":null}},"27":{"start":{"line":82,"column":42},"end":{"line":116,"column":1}},"28":{"start":{"line":83,"column":2},"end":{"line":115,"column":null}},"29":{"start":{"line":85,"column":21},"end":{"line":85,"column":62}},"30":{"start":{"line":87,"column":4},"end":{"line":89,"column":null}},"31":{"start":{"line":88,"column":6},"end":{"line":88,"column":null}},"32":{"start":{"line":91,"column":24},"end":{"line":91,"column":42}},"33":{"start":{"line":92,"column":4},"end":{"line":94,"column":null}},"34":{"start":{"line":93,"column":6},"end":{"line":93,"column":null}},"35":{"start":{"line":97,"column":19},"end":{"line":100,"column":5}},"36":{"start":{"line":102,"column":4},"end":{"line":106,"column":null}},"37":{"start":{"line":103,"column":6},"end":{"line":105,"column":null}},"38":{"start":{"line":108,"column":4},"end":{"line":108,"column":null}},"39":{"start":{"line":109,"column":4},"end":{"line":109,"column":null}},"40":{"start":{"line":110,"column":4},"end":{"line":110,"column":null}},"41":{"start":{"line":113,"column":4},"end":{"line":113,"column":null}},"42":{"start":{"line":114,"column":4},"end":{"line":114,"column":null}}},"fnMap":{"0":{"name":"(anonymous_0)","decl":{"start":{"line":4,"column":34},"end":{"line":4,"column":35}},"loc":{"start":{"line":4,"column":54},"end":{"line":38,"column":1}},"line":4},"1":{"name":"(anonymous_1)","decl":{"start":{"line":40,"column":32},"end":{"line":40,"column":37}},"loc":{"start":{"line":40,"column":58},"end":{"line":79,"column":null}},"line":40},"2":{"name":"(anonymous_2)","decl":{"start":{"line":82,"column":42},"end":{"line":82,"column":47}},"loc":{"start":{"line":82,"column":68},"end":{"line":116,"column":1}},"line":82}},"branchMap":{"0":{"loc":{"start":{"line":8,"column":2},"end":{"line":12,"column":null}},"type":"if","locations":[{"start":{"line":8,"column":2},"end":{"line":12,"column":null}},{"start":{},"end":{}}],"line":8},"1":{"loc":{"start":{"line":8,"column":6},"end":{"line":8,"column":33}},"type":"binary-expr","locations":[{"start":{"line":8,"column":6},"end":{"line":8,"column":11}},{"start":{"line":8,"column":15},"end":{"line":8,"column":33}}],"line":8},"2":{"loc":{"start":{"line":15,"column":2},"end":{"line":19,"column":null}},"type":"if","locations":[{"start":{"line":15,"column":2},"end":{"line":19,"column":null}},{"start":{},"end":{}}],"line":15},"3":{"loc":{"start":{"line":22,"column":2},"end":{"line":26,"column":null}},"type":"if","locations":[{"start":{"line":22,"column":2},"end":{"line":26,"column":null}},{"start":{},"end":{}}],"line":22},"4":{"loc":{"start":{"line":22,"column":6},"end":{"line":22,"column":35}},"type":"binary-expr","locations":[{"start":{"line":22,"column":6},"end":{"line":22,"column":12}},{"start":{"line":22,"column":16},"end":{"line":22,"column":35}}],"line":22},"5":{"loc":{"start":{"line":30,"column":2},"end":{"line":34,"column":null}},"type":"if","locations":[{"start":{"line":30,"column":2},"end":{"line":34,"column":null}},{"start":{},"end":{}}],"line":30},"6":{"loc":{"start":{"line":44,"column":2},"end":{"line":48,"column":null}},"type":"if","locations":[{"start":{"line":44,"column":2},"end":{"line":48,"column":null}},{"start":{},"end":{}}],"line":44},"7":{"loc":{"start":{"line":44,"column":6},"end":{"line":44,"column":26}},"type":"binary-expr","locations":[{"start":{"line":44,"column":6},"end":{"line":44,"column":15}},{"start":{"line":44,"column":19},"end":{"line":44,"column":26}}],"line":44},"8":{"loc":{"start":{"line":58,"column":4},"end":{"line":62,"column":null}},"type":"if","locations":[{"start":{"line":58,"column":4},"end":{"line":62,"column":null}},{"start":{},"end":{}}],"line":58},"9":{"loc":{"start":{"line":74,"column":4},"end":{"line":78,"column":null}},"type":"if","locations":[{"start":{"line":74,"column":4},"end":{"line":78,"column":null}},{"start":{},"end":{}}],"line":74},"10":{"loc":{"start":{"line":85,"column":21},"end":{"line":85,"column":62}},"type":"binary-expr","locations":[{"start":{"line":85,"column":21},"end":{"line":85,"column":40}},{"start":{"line":85,"column":44},"end":{"line":85,"column":62}}],"line":85},"11":{"loc":{"start":{"line":87,"column":4},"end":{"line":89,"column":null}},"type":"if","locations":[{"start":{"line":87,"column":4},"end":{"line":89,"column":null}},{"start":{},"end":{}}],"line":87},"12":{"loc":{"start":{"line":92,"column":4},"end":{"line":94,"column":null}},"type":"if","locations":[{"start":{"line":92,"column":4},"end":{"line":94,"column":null}},{"start":{},"end":{}}],"line":92},"13":{"loc":{"start":{"line":102,"column":4},"end":{"line":106,"column":null}},"type":"if","locations":[{"start":{"line":102,"column":4},"end":{"line":106,"column":null}},{"start":{},"end":{}}],"line":102}},"s":{"0":1,"1":6,"2":6,"3":2,"4":4,"5":1,"6":3,"7":1,"8":2,"9":2,"10":1,"11":1,"12":1,"13":6,"14":6,"15":3,"16":3,"17":3,"18":3,"19":3,"20":2,"21":1,"22":1,"23":1,"24":1,"25":1,"26":1,"27":1,"28":3,"29":3,"30":3,"31":1,"32":2,"33":2,"34":0,"35":2,"36":2,"37":1,"38":1,"39":1,"40":1,"41":0,"42":0},"f":{"0":6,"1":6,"2":3},"b":{"0":[2,4],"1":[6,5],"2":[1,3],"3":[1,2],"4":[3,2],"5":[1,1],"6":[3,3],"7":[6,5],"8":[1,1],"9":[1,0],"10":[3,3],"11":[1,2],"12":[0,2],"13":[1,1]},"meta":{"lastBranch":14,"lastFunction":3,"lastStatement":43,"seen":{"s:4:34:38:1":0,"f:4:34:4:35":0,"s:5:31:5:39":1,"b:8:2:12:Infinity:undefined:undefined:undefined:undefined":0,"s:8:2:12:Infinity":2,"b:8:6:8:11:8:15:8:33":1,"s:9:4:11:Infinity":3,"b:15:2:19:Infinity:undefined:undefined:undefined:undefined":2,"s:15:2:19:Infinity":4,"s:16:4:18:Infinity":5,"b:22:2:26:Infinity:undefined:undefined:undefined:undefined":3,"s:22:2:26:Infinity":6,"b:22:6:22:12:22:16:22:35":4,"s:23:4:25:Infinity":7,"s:29:21:29:49":8,"b:30:2:34:Infinity:undefined:undefined:undefined:undefined":5,"s:30:2:34:Infinity":9,"s:31:4:33:Infinity":10,"s:37:2:37:Infinity":11,"s:40:32:79:Infinity":12,"f:40:32:40:37":1,"s:41:17:41:27":13,"b:44:2:48:Infinity:undefined:undefined:undefined:undefined":6,"s:44:2:48:Infinity":14,"b:44:6:44:15:44:19:44:26":7,"s:45:4:47:Infinity":15,"s:50:2:79:3":16,"s:52:18:52:62":17,"s:53:19:53:23":18,"s:55:19:55:50":19,"b:58:4:62:Infinity:undefined:undefined:undefined:undefined":8,"s:58:4:62:Infinity":20,"s:59:6:61:Infinity":21,"s:65:4:65:Infinity":22,"s:68:4:68:Infinity":23,"s:71:4:71:Infinity":24,"b:74:4:78:Infinity:undefined:undefined:undefined:undefined":9,"s:74:4:78:Infinity":25,"s:75:6:77:Infinity":26,"s:82:42:116:1":27,"f:82:42:82:47":2,"s:83:2:115:Infinity":28,"s:85:21:85:62":29,"b:85:21:85:40:85:44:85:62":10,"b:87:4:89:Infinity:undefined:undefined:undefined:undefined":11,"s:87:4:89:Infinity":30,"s:88:6:88:Infinity":31,"s:91:24:91:42":32,"b:92:4:94:Infinity:undefined:undefined:undefined:undefined":12,"s:92:4:94:Infinity":33,"s:93:6:93:Infinity":34,"s:97:19:100:5":35,"b:102:4:106:Infinity:undefined:undefined:undefined:undefined":13,"s:102:4:106:Infinity":36,"s:103:6:105:Infinity":37,"s:108:4:108:Infinity":38,"s:109:4:109:Infinity":39,"s:110:4:110:Infinity":40,"s:113:4:113:Infinity":41,"s:114:4:114:Infinity":42}}}
,"/home/criss/Escritorio/ProyectoM2_LuisFereira/src/services/authors_services.js": {"path":"/home/criss/Escritorio/ProyectoM2_LuisFereira/src/services/authors_services.js","statementMap":{"0":{"start":{"line":4,"column":29},"end":{"line":18,"column":1}},"1":{"start":{"line":5,"column":17},"end":{"line":5,"column":37}},"2":{"start":{"line":8,"column":2},"end":{"line":17,"column":null}},"3":{"start":{"line":9,"column":17},"end":{"line":9,"column":72}},"4":{"start":{"line":10,"column":4},"end":{"line":10,"column":null}},"5":{"start":{"line":12,"column":4},"end":{"line":12,"column":null}},"6":{"start":{"line":13,"column":4},"end":{"line":13,"column":null}},"7":{"start":{"line":16,"column":4},"end":{"line":16,"column":null}},"8":{"start":{"line":20,"column":29},"end":{"line":24,"column":1}},"9":{"start":{"line":21,"column":17},"end":{"line":21,"column":78}},"10":{"start":{"line":23,"column":2},"end":{"line":23,"column":null}},"11":{"start":{"line":27,"column":29},"end":{"line":46,"column":1}},"12":{"start":{"line":28,"column":2},"end":{"line":45,"column":null}},"13":{"start":{"line":29,"column":19},"end":{"line":34,"column":5}},"14":{"start":{"line":36,"column":4},"end":{"line":36,"column":null}},"15":{"start":{"line":39,"column":4},"end":{"line":41,"column":null}},"16":{"start":{"line":40,"column":6},"end":{"line":40,"column":null}},"17":{"start":{"line":44,"column":4},"end":{"line":44,"column":null}},"18":{"start":{"line":48,"column":29},"end":{"line":54,"column":1}},"19":{"start":{"line":49,"column":19},"end":{"line":52,"column":3}},"20":{"start":{"line":53,"column":2},"end":{"line":53,"column":null}},"21":{"start":{"line":56,"column":29},"end":{"line":61,"column":1}},"22":{"start":{"line":57,"column":23},"end":{"line":59,"column":4}},"23":{"start":{"line":60,"column":2},"end":{"line":60,"column":null}}},"fnMap":{"0":{"name":"(anonymous_0)","decl":{"start":{"line":4,"column":29},"end":{"line":4,"column":34}},"loc":{"start":{"line":4,"column":41},"end":{"line":18,"column":1}},"line":4},"1":{"name":"(anonymous_1)","decl":{"start":{"line":20,"column":29},"end":{"line":20,"column":34}},"loc":{"start":{"line":20,"column":43},"end":{"line":24,"column":1}},"line":20},"2":{"name":"(anonymous_2)","decl":{"start":{"line":27,"column":29},"end":{"line":27,"column":34}},"loc":{"start":{"line":27,"column":61},"end":{"line":46,"column":1}},"line":27},"3":{"name":"(anonymous_3)","decl":{"start":{"line":48,"column":29},"end":{"line":48,"column":34}},"loc":{"start":{"line":48,"column":65},"end":{"line":54,"column":1}},"line":48},"4":{"name":"(anonymous_4)","decl":{"start":{"line":56,"column":29},"end":{"line":56,"column":34}},"loc":{"start":{"line":56,"column":43},"end":{"line":61,"column":1}},"line":56}},"branchMap":{"0":{"loc":{"start":{"line":39,"column":4},"end":{"line":41,"column":null}},"type":"if","locations":[{"start":{"line":39,"column":4},"end":{"line":41,"column":null}},{"start":{},"end":{}}],"line":39},"1":{"loc":{"start":{"line":39,"column":8},"end":{"line":39,"column":74}},"type":"binary-expr","locations":[{"start":{"line":39,"column":8},"end":{"line":39,"column":30}},{"start":{"line":39,"column":34},"end":{"line":39,"column":74}}],"line":39},"2":{"loc":{"start":{"line":53,"column":9},"end":{"line":53,"column":24}},"type":"binary-expr","locations":[{"start":{"line":53,"column":9},"end":{"line":53,"column":16}},{"start":{"line":53,"column":20},"end":{"line":53,"column":24}}],"line":53}},"s":{"0":3,"1":5,"2":5,"3":5,"4":4,"5":1,"6":1,"7":5,"8":3,"9":2,"10":2,"11":3,"12":7,"13":7,"14":4,"15":3,"16":2,"17":1,"18":3,"19":3,"20":3,"21":3,"22":5,"23":5},"f":{"0":5,"1":2,"2":7,"3":3,"4":5},"b":{"0":[2,1],"1":[3,2],"2":[3,2]},"meta":{"lastBranch":3,"lastFunction":5,"lastStatement":24,"seen":{"s:4:29:18:1":0,"f:4:29:4:34":0,"s:5:17:5:37":1,"s:8:2:17:Infinity":2,"s:9:17:9:72":3,"s:10:4:10:Infinity":4,"s:12:4:12:Infinity":5,"s:13:4:13:Infinity":6,"s:16:4:16:Infinity":7,"s:20:29:24:1":8,"f:20:29:20:34":1,"s:21:17:21:78":9,"s:23:2:23:Infinity":10,"s:27:29:46:1":11,"f:27:29:27:34":2,"s:28:2:45:Infinity":12,"s:29:19:34:5":13,"s:36:4:36:Infinity":14,"b:39:4:41:Infinity:undefined:undefined:undefined:undefined":0,"s:39:4:41:Infinity":15,"b:39:8:39:30:39:34:39:74":1,"s:40:6:40:Infinity":16,"s:44:4:44:Infinity":17,"s:48:29:54:1":18,"f:48:29:48:34":3,"s:49:19:52:3":19,"s:53:2:53:Infinity":20,"b:53:9:53:16:53:20:53:24":2,"s:56:29:61:1":21,"f:56:29:56:34":4,"s:57:23:59:4":22,"s:60:2:60:Infinity":23}}}
,"/home/criss/Escritorio/ProyectoM2_LuisFereira/src/services/post_services.js": {"path":"/home/criss/Escritorio/ProyectoM2_LuisFereira/src/services/post_services.js","statementMap":{"0":{"start":{"line":4,"column":33},"end":{"line":12,"column":1}},"1":{"start":{"line":5,"column":19},"end":{"line":10,"column":4}},"2":{"start":{"line":11,"column":2},"end":{"line":11,"column":null}},"3":{"start":{"line":14,"column":34},"end":{"line":17,"column":1}},"4":{"start":{"line":15,"column":19},"end":{"line":15,"column":78}},"5":{"start":{"line":16,"column":2},"end":{"line":16,"column":null}},"6":{"start":{"line":19,"column":39},"end":{"line":27,"column":1}},"7":{"start":{"line":20,"column":19},"end":{"line":25,"column":16}},"8":{"start":{"line":26,"column":2},"end":{"line":26,"column":null}},"9":{"start":{"line":29,"column":33},"end":{"line":37,"column":1}},"10":{"start":{"line":30,"column":19},"end":{"line":35,"column":3}},"11":{"start":{"line":36,"column":2},"end":{"line":36,"column":null}},"12":{"start":{"line":39,"column":33},"end":{"line":48,"column":1}},"13":{"start":{"line":40,"column":19},"end":{"line":46,"column":3}},"14":{"start":{"line":47,"column":2},"end":{"line":47,"column":null}},"15":{"start":{"line":50,"column":33},"end":{"line":53,"column":1}},"16":{"start":{"line":51,"column":23},"end":{"line":51,"column":78}},"17":{"start":{"line":52,"column":2},"end":{"line":52,"column":null}}},"fnMap":{"0":{"name":"(anonymous_0)","decl":{"start":{"line":4,"column":33},"end":{"line":4,"column":38}},"loc":{"start":{"line":4,"column":45},"end":{"line":12,"column":1}},"line":4},"1":{"name":"(anonymous_1)","decl":{"start":{"line":14,"column":34},"end":{"line":14,"column":39}},"loc":{"start":{"line":14,"column":48},"end":{"line":17,"column":1}},"line":14},"2":{"name":"(anonymous_2)","decl":{"start":{"line":19,"column":39},"end":{"line":19,"column":44}},"loc":{"start":{"line":19,"column":59},"end":{"line":27,"column":1}},"line":19},"3":{"name":"(anonymous_3)","decl":{"start":{"line":29,"column":33},"end":{"line":29,"column":38}},"loc":{"start":{"line":29,"column":85},"end":{"line":37,"column":1}},"line":29},"4":{"name":"(anonymous_4)","decl":{"start":{"line":39,"column":33},"end":{"line":39,"column":38}},"loc":{"start":{"line":39,"column":89},"end":{"line":48,"column":1}},"line":39},"5":{"name":"(anonymous_5)","decl":{"start":{"line":50,"column":33},"end":{"line":50,"column":38}},"loc":{"start":{"line":50,"column":47},"end":{"line":53,"column":1}},"line":50}},"branchMap":{"0":{"loc":{"start":{"line":34,"column":32},"end":{"line":34,"column":49}},"type":"binary-expr","locations":[{"start":{"line":34,"column":32},"end":{"line":34,"column":41}},{"start":{"line":34,"column":45},"end":{"line":34,"column":49}}],"line":34},"1":{"loc":{"start":{"line":47,"column":9},"end":{"line":47,"column":24}},"type":"binary-expr","locations":[{"start":{"line":47,"column":9},"end":{"line":47,"column":16}},{"start":{"line":47,"column":20},"end":{"line":47,"column":24}}],"line":47}},"s":{"0":1,"1":1,"2":1,"3":1,"4":0,"5":0,"6":1,"7":0,"8":0,"9":1,"10":3,"11":2,"12":1,"13":2,"14":2,"15":1,"16":2,"17":2},"f":{"0":1,"1":0,"2":0,"3":3,"4":2,"5":2},"b":{"0":[3,2],"1":[2,1]},"meta":{"lastBranch":2,"lastFunction":6,"lastStatement":18,"seen":{"s:4:33:12:1":0,"f:4:33:4:38":0,"s:5:19:10:4":1,"s:11:2:11:Infinity":2,"s:14:34:17:1":3,"f:14:34:14:39":1,"s:15:19:15:78":4,"s:16:2:16:Infinity":5,"s:19:39:27:1":6,"f:19:39:19:44":2,"s:20:19:25:16":7,"s:26:2:26:Infinity":8,"s:29:33:37:1":9,"f:29:33:29:38":3,"s:30:19:35:3":10,"b:34:32:34:41:34:45:34:49":0,"s:36:2:36:Infinity":11,"s:39:33:48:1":12,"f:39:33:39:38":4,"s:40:19:46:3":13,"s:47:2:47:Infinity":14,"b:47:9:47:16:47:20:47:24":1,"s:50:33:53:1":15,"f:50:33:50:38":5,"s:51:23:51:78":16,"s:52:2:52:Infinity":17}}}
}
